--------------------------------------------------------------------------------
Command:            ./a.out
Massif arguments:   (none)
ms_print arguments: massif.out.8119
--------------------------------------------------------------------------------


    KB
16.45^                                                                       #
     |                                                                       #
     |                                                                      :#
     |                                                                      @#
     |                                                                      @#
     |                                                                      @#
     |                                                                     :@#
     |                                                                     @@#
     |                                                                     @@#
     |                                                                    @@@#
     |                                                                    @@@#
     |                                                                    @@@#
     |                                                                   @@@@#
     |                                                                   @@@@#
     |                                                                   @@@@#
     |                                                                  :@@@@#
     |                                                                  @@@@@#
     |                                                                  @@@@@#
     |                                                                 :@@@@@#
     |                                                                 :@@@@@#
   0 +----------------------------------------------------------------------->ki
     0                                                                   143.3

Number of snapshots: 93
 Detailed snapshots: [14, 24, 29, 34, 39, 44, 49, 59, 69, 79, 89, 92 (peak)]

--------------------------------------------------------------------------------
  n        time(i)         total(B)   useful-heap(B) extra-heap(B)    stacks(B)
--------------------------------------------------------------------------------
  0              0                0                0             0            0
  1        132,926               24                5            19            0
  2        133,135              240              130           110            0
  3        133,393              576              360           216            0
  4        133,651              912              590           322            0
  5        133,909            1,248              820           428            0
  6        134,167            1,584            1,050           534            0
  7        134,425            1,920            1,280           640            0
  8        134,683            2,256            1,510           746            0
  9        134,941            2,592            1,740           852            0
 10        135,199            2,928            1,970           958            0
 11        135,457            3,264            2,200         1,064            0
 12        135,586            3,432            2,315         1,117            0
 13        135,715            3,600            2,430         1,170            0
 14        135,844            3,768            2,545         1,223            0
67.54% (2,545B) (heap allocation functions) malloc/new/new[], --alloc-fns, etc.
->58.39% (2,200B) 0x400596: allocmem1 (in /home/damian/article/a.out)
| ->58.39% (2,200B) 0x4005BC: allocmem2 (in /home/damian/article/a.out)
|   ->58.39% (2,200B) 0x4005DE: allocmem3 (in /home/damian/article/a.out)
|     ->58.39% (2,200B) 0x400625: main (in /home/damian/article/a.out)
|       
->05.84% (220B) 0x4005AE: allocmem2 (in /home/damian/article/a.out)
| ->05.84% (220B) 0x4005DE: allocmem3 (in /home/damian/article/a.out)
|   ->05.84% (220B) 0x400625: main (in /home/damian/article/a.out)
|     
->03.05% (115B) 0x4005D0: allocmem3 (in /home/damian/article/a.out)
| ->03.05% (115B) 0x400625: main (in /home/damian/article/a.out)
|   
->00.27% (10B) in 1+ places, all below ms_print's threshold (01.00%)

--------------------------------------------------------------------------------
  n        time(i)         total(B)   useful-heap(B) extra-heap(B)    stacks(B)
--------------------------------------------------------------------------------
 15        135,973            3,936            2,660         1,276            0
 16        136,102            4,104            2,775         1,329            0
 17        136,231            4,272            2,890         1,382            0
 18        136,360            4,440            3,005         1,435            0
 19        136,489            4,608            3,120         1,488            0
 20        136,618            4,776            3,235         1,541            0
 21        136,747            4,944            3,350         1,594            0
 22        136,876            5,112            3,465         1,647            0
 23        137,005            5,280            3,580         1,700            0
 24        137,134            5,448            3,695         1,753            0
67.82% (3,695B) (heap allocation functions) malloc/new/new[], --alloc-fns, etc.
->58.74% (3,200B) 0x400596: allocmem1 (in /home/damian/article/a.out)
| ->58.74% (3,200B) 0x4005BC: allocmem2 (in /home/damian/article/a.out)
|   ->58.74% (3,200B) 0x4005DE: allocmem3 (in /home/damian/article/a.out)
|     ->58.74% (3,200B) 0x400625: main (in /home/damian/article/a.out)
|       
->05.87% (320B) 0x4005AE: allocmem2 (in /home/damian/article/a.out)
| ->05.87% (320B) 0x4005DE: allocmem3 (in /home/damian/article/a.out)
|   ->05.87% (320B) 0x400625: main (in /home/damian/article/a.out)
|     
->03.03% (165B) 0x4005D0: allocmem3 (in /home/damian/article/a.out)
| ->03.03% (165B) 0x400625: main (in /home/damian/article/a.out)
|   
->00.18% (10B) in 1+ places, all below ms_print's threshold (01.00%)

--------------------------------------------------------------------------------
  n        time(i)         total(B)   useful-heap(B) extra-heap(B)    stacks(B)
--------------------------------------------------------------------------------
 25        137,263            5,616            3,810         1,806            0
 26        137,392            5,784            3,925         1,859            0
 27        137,521            5,952            4,040         1,912            0
 28        137,650            6,120            4,155         1,965            0
 29        137,779            6,288            4,270         2,018            0
67.91% (4,270B) (heap allocation functions) malloc/new/new[], --alloc-fns, etc.
->58.84% (3,700B) 0x400596: allocmem1 (in /home/damian/article/a.out)
| ->58.84% (3,700B) 0x4005BC: allocmem2 (in /home/damian/article/a.out)
|   ->58.84% (3,700B) 0x4005DE: allocmem3 (in /home/damian/article/a.out)
|     ->58.84% (3,700B) 0x400625: main (in /home/damian/article/a.out)
|       
->05.88% (370B) 0x4005AE: allocmem2 (in /home/damian/article/a.out)
| ->05.88% (370B) 0x4005DE: allocmem3 (in /home/damian/article/a.out)
|   ->05.88% (370B) 0x400625: main (in /home/damian/article/a.out)
|     
->03.02% (190B) 0x4005D0: allocmem3 (in /home/damian/article/a.out)
| ->03.02% (190B) 0x400625: main (in /home/damian/article/a.out)
|   
->00.16% (10B) in 1+ places, all below ms_print's threshold (01.00%)

--------------------------------------------------------------------------------
  n        time(i)         total(B)   useful-heap(B) extra-heap(B)    stacks(B)
--------------------------------------------------------------------------------
 30        137,908            6,456            4,385         2,071            0
 31        138,037            6,624            4,500         2,124            0
 32        138,166            6,792            4,615         2,177            0
 33        138,295            6,960            4,730         2,230            0
 34        138,424            7,128            4,845         2,283            0
67.97% (4,845B) (heap allocation functions) malloc/new/new[], --alloc-fns, etc.
->58.92% (4,200B) 0x400596: allocmem1 (in /home/damian/article/a.out)
| ->58.92% (4,200B) 0x4005BC: allocmem2 (in /home/damian/article/a.out)
|   ->58.92% (4,200B) 0x4005DE: allocmem3 (in /home/damian/article/a.out)
|     ->58.92% (4,200B) 0x400625: main (in /home/damian/article/a.out)
|       
->05.89% (420B) 0x4005AE: allocmem2 (in /home/damian/article/a.out)
| ->05.89% (420B) 0x4005DE: allocmem3 (in /home/damian/article/a.out)
|   ->05.89% (420B) 0x400625: main (in /home/damian/article/a.out)
|     
->03.02% (215B) 0x4005D0: allocmem3 (in /home/damian/article/a.out)
| ->03.02% (215B) 0x400625: main (in /home/damian/article/a.out)
|   
->00.14% (10B) in 1+ places, all below ms_print's threshold (01.00%)

--------------------------------------------------------------------------------
  n        time(i)         total(B)   useful-heap(B) extra-heap(B)    stacks(B)
--------------------------------------------------------------------------------
 35        138,553            7,296            4,960         2,336            0
 36        138,682            7,464            5,075         2,389            0
 37        138,811            7,632            5,190         2,442            0
 38        138,940            7,800            5,305         2,495            0
 39        139,069            7,968            5,420         2,548            0
68.02% (5,420B) (heap allocation functions) malloc/new/new[], --alloc-fns, etc.
->58.99% (4,700B) 0x400596: allocmem1 (in /home/damian/article/a.out)
| ->58.99% (4,700B) 0x4005BC: allocmem2 (in /home/damian/article/a.out)
|   ->58.99% (4,700B) 0x4005DE: allocmem3 (in /home/damian/article/a.out)
|     ->58.99% (4,700B) 0x400625: main (in /home/damian/article/a.out)
|       
->05.90% (470B) 0x4005AE: allocmem2 (in /home/damian/article/a.out)
| ->05.90% (470B) 0x4005DE: allocmem3 (in /home/damian/article/a.out)
|   ->05.90% (470B) 0x400625: main (in /home/damian/article/a.out)
|     
->03.01% (240B) 0x4005D0: allocmem3 (in /home/damian/article/a.out)
| ->03.01% (240B) 0x400625: main (in /home/damian/article/a.out)
|   
->00.13% (10B) in 1+ places, all below ms_print's threshold (01.00%)

--------------------------------------------------------------------------------
  n        time(i)         total(B)   useful-heap(B) extra-heap(B)    stacks(B)
--------------------------------------------------------------------------------
 40        139,198            8,136            5,535         2,601            0
 41        139,327            8,304            5,650         2,654            0
 42        139,456            8,472            5,765         2,707            0
 43        139,585            8,640            5,880         2,760            0
 44        139,714            8,808            5,995         2,813            0
68.06% (5,995B) (heap allocation functions) malloc/new/new[], --alloc-fns, etc.
->59.04% (5,200B) 0x400596: allocmem1 (in /home/damian/article/a.out)
| ->59.04% (5,200B) 0x4005BC: allocmem2 (in /home/damian/article/a.out)
|   ->59.04% (5,200B) 0x4005DE: allocmem3 (in /home/damian/article/a.out)
|     ->59.04% (5,200B) 0x400625: main (in /home/damian/article/a.out)
|       
->05.90% (520B) 0x4005AE: allocmem2 (in /home/damian/article/a.out)
| ->05.90% (520B) 0x4005DE: allocmem3 (in /home/damian/article/a.out)
|   ->05.90% (520B) 0x400625: main (in /home/damian/article/a.out)
|     
->03.01% (265B) 0x4005D0: allocmem3 (in /home/damian/article/a.out)
| ->03.01% (265B) 0x400625: main (in /home/damian/article/a.out)
|   
->00.11% (10B) in 1+ places, all below ms_print's threshold (01.00%)

--------------------------------------------------------------------------------
  n        time(i)         total(B)   useful-heap(B) extra-heap(B)    stacks(B)
--------------------------------------------------------------------------------
 45        139,843            8,976            6,110         2,866            0
 46        139,972            9,144            6,225         2,919            0
 47        140,101            9,312            6,340         2,972            0
 48        140,230            9,480            6,455         3,025            0
 49        140,359            9,648            6,570         3,078            0
68.10% (6,570B) (heap allocation functions) malloc/new/new[], --alloc-fns, etc.
->59.08% (5,700B) 0x400596: allocmem1 (in /home/damian/article/a.out)
| ->59.08% (5,700B) 0x4005BC: allocmem2 (in /home/damian/article/a.out)
|   ->59.08% (5,700B) 0x4005DE: allocmem3 (in /home/damian/article/a.out)
|     ->59.08% (5,700B) 0x400625: main (in /home/damian/article/a.out)
|       
->05.91% (570B) 0x4005AE: allocmem2 (in /home/damian/article/a.out)
| ->05.91% (570B) 0x4005DE: allocmem3 (in /home/damian/article/a.out)
|   ->05.91% (570B) 0x400625: main (in /home/damian/article/a.out)
|     
->03.01% (290B) 0x4005D0: allocmem3 (in /home/damian/article/a.out)
| ->03.01% (290B) 0x400625: main (in /home/damian/article/a.out)
|   
->00.10% (10B) in 1+ places, all below ms_print's threshold (01.00%)

--------------------------------------------------------------------------------
  n        time(i)         total(B)   useful-heap(B) extra-heap(B)    stacks(B)
--------------------------------------------------------------------------------
 50        140,488            9,816            6,685         3,131            0
 51        140,617            9,984            6,800         3,184            0
 52        140,746           10,152            6,915         3,237            0
 53        140,875           10,320            7,030         3,290            0
 54        141,004           10,488            7,145         3,343            0
 55        141,133           10,656            7,260         3,396            0
 56        141,262           10,824            7,375         3,449            0
 57        141,391           10,992            7,490         3,502            0
 58        141,520           11,160            7,605         3,555            0
 59        141,649           11,328            7,720         3,608            0
68.15% (7,720B) (heap allocation functions) malloc/new/new[], --alloc-fns, etc.
->59.15% (6,700B) 0x400596: allocmem1 (in /home/damian/article/a.out)
| ->59.15% (6,700B) 0x4005BC: allocmem2 (in /home/damian/article/a.out)
|   ->59.15% (6,700B) 0x4005DE: allocmem3 (in /home/damian/article/a.out)
|     ->59.15% (6,700B) 0x400625: main (in /home/damian/article/a.out)
|       
->05.91% (670B) 0x4005AE: allocmem2 (in /home/damian/article/a.out)
| ->05.91% (670B) 0x4005DE: allocmem3 (in /home/damian/article/a.out)
|   ->05.91% (670B) 0x400625: main (in /home/damian/article/a.out)
|     
->03.00% (340B) 0x4005D0: allocmem3 (in /home/damian/article/a.out)
| ->03.00% (340B) 0x400625: main (in /home/damian/article/a.out)
|   
->00.09% (10B) in 1+ places, all below ms_print's threshold (01.00%)

--------------------------------------------------------------------------------
  n        time(i)         total(B)   useful-heap(B) extra-heap(B)    stacks(B)
--------------------------------------------------------------------------------
 60        141,778           11,496            7,835         3,661            0
 61        141,907           11,664            7,950         3,714            0
 62        142,036           11,832            8,065         3,767            0
 63        142,165           12,000            8,180         3,820            0
 64        142,294           12,168            8,295         3,873            0
 65        142,423           12,336            8,410         3,926            0
 66        142,552           12,504            8,525         3,979            0
 67        142,681           12,672            8,640         4,032            0
 68        142,810           12,840            8,755         4,085            0
 69        142,939           13,008            8,870         4,138            0
68.19% (8,870B) (heap allocation functions) malloc/new/new[], --alloc-fns, etc.
->59.19% (7,700B) 0x400596: allocmem1 (in /home/damian/article/a.out)
| ->59.19% (7,700B) 0x4005BC: allocmem2 (in /home/damian/article/a.out)
|   ->59.19% (7,700B) 0x4005DE: allocmem3 (in /home/damian/article/a.out)
|     ->59.19% (7,700B) 0x400625: main (in /home/damian/article/a.out)
|       
->05.92% (770B) 0x4005AE: allocmem2 (in /home/damian/article/a.out)
| ->05.92% (770B) 0x4005DE: allocmem3 (in /home/damian/article/a.out)
|   ->05.92% (770B) 0x400625: main (in /home/damian/article/a.out)
|     
->03.00% (390B) 0x4005D0: allocmem3 (in /home/damian/article/a.out)
| ->03.00% (390B) 0x400625: main (in /home/damian/article/a.out)
|   
->00.08% (10B) in 1+ places, all below ms_print's threshold (01.00%)

--------------------------------------------------------------------------------
  n        time(i)         total(B)   useful-heap(B) extra-heap(B)    stacks(B)
--------------------------------------------------------------------------------
 70        143,068           13,176            8,985         4,191            0
 71        143,197           13,344            9,100         4,244            0
 72        143,326           13,512            9,215         4,297            0
 73        143,455           13,680            9,330         4,350            0
 74        143,584           13,848            9,445         4,403            0
 75        143,713           14,016            9,560         4,456            0
 76        143,842           14,184            9,675         4,509            0
 77        143,971           14,352            9,790         4,562            0
 78        144,100           14,520            9,905         4,615            0
 79        144,229           14,688           10,020         4,668            0
68.22% (10,020B) (heap allocation functions) malloc/new/new[], --alloc-fns, etc.
->59.23% (8,700B) 0x400596: allocmem1 (in /home/damian/article/a.out)
| ->59.23% (8,700B) 0x4005BC: allocmem2 (in /home/damian/article/a.out)
|   ->59.23% (8,700B) 0x4005DE: allocmem3 (in /home/damian/article/a.out)
|     ->59.23% (8,700B) 0x400625: main (in /home/damian/article/a.out)
|       
->05.92% (870B) 0x4005AE: allocmem2 (in /home/damian/article/a.out)
| ->05.92% (870B) 0x4005DE: allocmem3 (in /home/damian/article/a.out)
|   ->05.92% (870B) 0x400625: main (in /home/damian/article/a.out)
|     
->03.00% (440B) 0x4005D0: allocmem3 (in /home/damian/article/a.out)
| ->03.00% (440B) 0x400625: main (in /home/damian/article/a.out)
|   
->00.07% (10B) in 1+ places, all below ms_print's threshold (01.00%)

--------------------------------------------------------------------------------
  n        time(i)         total(B)   useful-heap(B) extra-heap(B)    stacks(B)
--------------------------------------------------------------------------------
 80        144,358           14,856           10,135         4,721            0
 81        144,487           15,024           10,250         4,774            0
 82        144,616           15,192           10,365         4,827            0
 83        144,745           15,360           10,480         4,880            0
 84        144,874           15,528           10,595         4,933            0
 85        145,003           15,696           10,710         4,986            0
 86        145,132           15,864           10,825         5,039            0
 87        145,261           16,032           10,940         5,092            0
 88        145,390           16,200           11,055         5,145            0
 89        145,519           16,368           11,170         5,198            0
68.24% (11,170B) (heap allocation functions) malloc/new/new[], --alloc-fns, etc.
->59.26% (9,700B) 0x400596: allocmem1 (in /home/damian/article/a.out)
| ->59.26% (9,700B) 0x4005BC: allocmem2 (in /home/damian/article/a.out)
|   ->59.26% (9,700B) 0x4005DE: allocmem3 (in /home/damian/article/a.out)
|     ->59.26% (9,700B) 0x400625: main (in /home/damian/article/a.out)
|       
->05.93% (970B) 0x4005AE: allocmem2 (in /home/damian/article/a.out)
| ->05.93% (970B) 0x4005DE: allocmem3 (in /home/damian/article/a.out)
|   ->05.93% (970B) 0x400625: main (in /home/damian/article/a.out)
|     
->02.99% (490B) 0x4005D0: allocmem3 (in /home/damian/article/a.out)
| ->02.99% (490B) 0x400625: main (in /home/damian/article/a.out)
|   
->00.06% (10B) in 1+ places, all below ms_print's threshold (01.00%)

--------------------------------------------------------------------------------
  n        time(i)         total(B)   useful-heap(B) extra-heap(B)    stacks(B)
--------------------------------------------------------------------------------
 90        145,648           16,536           11,285         5,251            0
 91        145,777           16,704           11,400         5,304            0
 92        146,753           16,848           11,510         5,338            0
68.32% (11,510B) (heap allocation functions) malloc/new/new[], --alloc-fns, etc.
->59.35% (10,000B) 0x400596: allocmem1 (in /home/damian/article/a.out)
| ->59.35% (10,000B) 0x4005BC: allocmem2 (in /home/damian/article/a.out)
|   ->59.35% (10,000B) 0x4005DE: allocmem3 (in /home/damian/article/a.out)
|     ->59.35% (10,000B) 0x400625: main (in /home/damian/article/a.out)
|       
->05.94% (1,000B) 0x4005AE: allocmem2 (in /home/damian/article/a.out)
| ->05.94% (1,000B) 0x4005DE: allocmem3 (in /home/damian/article/a.out)
|   ->05.94% (1,000B) 0x400625: main (in /home/damian/article/a.out)
|     
->02.97% (500B) 0x4005D0: allocmem3 (in /home/damian/article/a.out)
| ->02.97% (500B) 0x400625: main (in /home/damian/article/a.out)
|   
->00.06% (10B) in 1+ places, all below ms_print's threshold (01.00%)

